2025-11-10 23:17:48 [main] INFO  c.simge.backend.BackendApplication - Starting BackendApplication using Java 17.0.14 with PID 6920 (C:\Users\CHT\Desktop\Simge Online Selling\Simge_BE\target\classes started by CHT in C:\Users\CHT\Desktop\Simge Online Selling\Simge_BE)
2025-11-10 23:17:48 [main] INFO  c.simge.backend.BackendApplication - No active profile set, falling back to 1 default profile: "default"
2025-11-10 23:17:53 [main] INFO  o.s.d.r.c.RepositoryConfigurationDelegate - Bootstrapping Spring Data JPA repositories in DEFAULT mode.
2025-11-10 23:17:54 [main] INFO  o.s.d.r.c.RepositoryConfigurationDelegate - Finished Spring Data repository scanning in 452 ms. Found 7 JPA repository interfaces.
2025-11-10 23:17:57 [main] INFO  o.s.b.w.e.tomcat.TomcatWebServer - Tomcat initialized with port 8080 (http)
2025-11-10 23:17:57 [main] INFO  o.a.coyote.http11.Http11NioProtocol - Initializing ProtocolHandler ["http-nio-8080"]
2025-11-10 23:17:57 [main] INFO  o.a.catalina.core.StandardService - Starting service [Tomcat]
2025-11-10 23:17:57 [main] INFO  o.a.catalina.core.StandardEngine - Starting Servlet engine: [Apache Tomcat/10.1.40]
2025-11-10 23:17:57 [main] INFO  o.a.c.c.C.[Tomcat].[localhost].[/] - Initializing Spring embedded WebApplicationContext
2025-11-10 23:17:57 [main] INFO  o.s.b.w.s.c.ServletWebServerApplicationContext - Root WebApplicationContext: initialization completed in 9353 ms
2025-11-10 23:18:01 [main] INFO  o.h.jpa.internal.util.LogHelper - HHH000204: Processing PersistenceUnitInfo [name: default]
2025-11-10 23:18:01 [main] INFO  org.hibernate.Version - HHH000412: Hibernate ORM core version 6.6.13.Final
2025-11-10 23:18:01 [main] INFO  o.h.c.i.RegionFactoryInitiator - HHH000026: Second-level cache disabled
2025-11-10 23:18:02 [main] INFO  o.s.o.j.p.SpringPersistenceUnitInfo - No LoadTimeWeaver setup: ignoring JPA class transformer
2025-11-10 23:18:02 [main] INFO  com.zaxxer.hikari.HikariDataSource - HikariPool-1 - Starting...
2025-11-10 23:18:03 [main] WARN  c.m.s.jdbc.internals.TDS.Channel - TLSv1 was negotiated. Please update server and client to use TLSv1.2 at minimum.
2025-11-10 23:18:04 [main] INFO  com.zaxxer.hikari.pool.HikariPool - HikariPool-1 - Added connection ConnectionID:1 ClientConnectionId: 714da97f-a643-457b-ac8b-045adf2fab66
2025-11-10 23:18:04 [main] INFO  com.zaxxer.hikari.HikariDataSource - HikariPool-1 - Start completed.
2025-11-10 23:18:04 [HikariPool-1 connection adder] WARN  c.m.s.jdbc.internals.TDS.Channel - TLSv1 was negotiated. Please update server and client to use TLSv1.2 at minimum.
2025-11-10 23:18:04 [HikariPool-1 connection adder] WARN  c.m.s.jdbc.internals.TDS.Channel - TLSv1 was negotiated. Please update server and client to use TLSv1.2 at minimum.
2025-11-10 23:18:04 [main] WARN  org.hibernate.orm.deprecation - HHH90000025: SQLServerDialect does not need to be specified explicitly using 'hibernate.dialect' (remove the property setting and it will be selected by default)
2025-11-10 23:18:04 [main] INFO  o.hibernate.orm.connections.pooling - HHH10001005: Database info:
	Database JDBC URL [Connecting through datasource 'HikariDataSource (HikariPool-1)']
	Database driver: undefined/unknown
	Database version: 11.0
	Autocommit mode: undefined/unknown
	Isolation level: undefined/unknown
	Minimum pool size: undefined/unknown
	Maximum pool size: undefined/unknown
2025-11-10 23:18:04 [HikariPool-1 connection adder] WARN  c.m.s.jdbc.internals.TDS.Channel - TLSv1 was negotiated. Please update server and client to use TLSv1.2 at minimum.
2025-11-10 23:18:04 [HikariPool-1 connection adder] WARN  c.m.s.jdbc.internals.TDS.Channel - TLSv1 was negotiated. Please update server and client to use TLSv1.2 at minimum.
2025-11-10 23:18:04 [HikariPool-1 connection adder] WARN  c.m.s.jdbc.internals.TDS.Channel - TLSv1 was negotiated. Please update server and client to use TLSv1.2 at minimum.
2025-11-10 23:18:04 [HikariPool-1 connection adder] WARN  c.m.s.jdbc.internals.TDS.Channel - TLSv1 was negotiated. Please update server and client to use TLSv1.2 at minimum.
2025-11-10 23:18:05 [HikariPool-1 connection adder] WARN  c.m.s.jdbc.internals.TDS.Channel - TLSv1 was negotiated. Please update server and client to use TLSv1.2 at minimum.
2025-11-10 23:18:05 [HikariPool-1 connection adder] WARN  c.m.s.jdbc.internals.TDS.Channel - TLSv1 was negotiated. Please update server and client to use TLSv1.2 at minimum.
2025-11-10 23:18:05 [HikariPool-1 connection adder] WARN  c.m.s.jdbc.internals.TDS.Channel - TLSv1 was negotiated. Please update server and client to use TLSv1.2 at minimum.
2025-11-10 23:18:07 [main] INFO  o.h.e.t.j.p.i.JtaPlatformInitiator - HHH000489: No JTA platform available (set 'hibernate.transaction.jta.platform' to enable JTA platform integration)
2025-11-10 23:18:07 [main] INFO  o.s.o.j.LocalContainerEntityManagerFactoryBean - Initialized JPA EntityManagerFactory for persistence unit 'default'
2025-11-10 23:18:09 [main] INFO  o.s.d.j.r.query.QueryEnhancerFactory - Hibernate is in classpath; If applicable, HQL parser will be used.
2025-11-10 23:18:14 [main] WARN  o.s.b.a.o.j.JpaBaseConfiguration$JpaWebConfiguration - spring.jpa.open-in-view is enabled by default. Therefore, database queries may be performed during view rendering. Explicitly configure spring.jpa.open-in-view to disable this warning
2025-11-10 23:18:14 [main] INFO  o.s.v.b.OptionalValidatorFactoryBean - Failed to set up a Bean Validation provider: jakarta.validation.NoProviderFoundException: Unable to create a Configuration, because no Jakarta Bean Validation provider could be found. Add a provider like Hibernate Validator (RI) to your classpath.
2025-11-10 23:18:18 [main] INFO  o.s.b.a.e.web.EndpointLinksResolver - Exposing 1 endpoint beneath base path '/actuator'
2025-11-10 23:18:19 [main] INFO  o.a.coyote.http11.Http11NioProtocol - Starting ProtocolHandler ["http-nio-8080"]
2025-11-10 23:18:19 [main] INFO  o.s.b.w.e.tomcat.TomcatWebServer - Tomcat started on port 8080 (http) with context path '/'
2025-11-10 23:18:19 [main] INFO  c.simge.backend.BackendApplication - Started BackendApplication in 33.074 seconds (process running for 35.656)
2025-11-10 23:22:07 [http-nio-8080-exec-7] INFO  o.a.c.c.C.[Tomcat].[localhost].[/] - Initializing Spring DispatcherServlet 'dispatcherServlet'
2025-11-10 23:22:07 [http-nio-8080-exec-7] INFO  o.s.web.servlet.DispatcherServlet - Initializing Servlet 'dispatcherServlet'
2025-11-10 23:22:07 [http-nio-8080-exec-7] INFO  o.s.web.servlet.DispatcherServlet - Completed initialization in 46 ms
2025-11-10 23:22:07 [http-nio-8080-exec-4] INFO  c.s.b.controller.CategoryController - Received Params: {status=1, paginate=4}
2025-11-10 23:22:07 [http-nio-8080-exec-3] INFO  c.s.b.controller.CategoryController - Received Params: {status=1, paginate=4}
2025-11-10 23:22:07 [http-nio-8080-exec-7] INFO  c.s.b.controller.CategoryController - Received Params: {status=1, ids=1}
2025-11-10 23:22:07 [http-nio-8080-exec-5] INFO  c.s.b.controller.CategoryController - Received Params: {status=1, ids=3,8,11,13,14}
2025-11-10 23:22:07 [http-nio-8080-exec-1] INFO  c.s.b.controller.CategoryController - Received Params: {status=1, ids=3,8,11,13,14}
2025-11-10 23:22:07 [http-nio-8080-exec-7] WARN  o.h.e.jdbc.spi.SqlExceptionHelper - SQL Warning Code: 0, SQLState: null
2025-11-10 23:22:07 [http-nio-8080-exec-3] WARN  o.h.e.jdbc.spi.SqlExceptionHelper - SQL Warning Code: 0, SQLState: null
2025-11-10 23:22:07 [http-nio-8080-exec-3] WARN  o.h.e.jdbc.spi.SqlExceptionHelper - TLSv1 was negotiated. Please update server and client to use TLSv1.2 at minimum.
2025-11-10 23:22:07 [http-nio-8080-exec-1] WARN  o.h.e.jdbc.spi.SqlExceptionHelper - SQL Warning Code: 0, SQLState: null
2025-11-10 23:22:07 [http-nio-8080-exec-5] WARN  o.h.e.jdbc.spi.SqlExceptionHelper - SQL Warning Code: 0, SQLState: null
2025-11-10 23:22:07 [http-nio-8080-exec-7] WARN  o.h.e.jdbc.spi.SqlExceptionHelper - TLSv1 was negotiated. Please update server and client to use TLSv1.2 at minimum.
2025-11-10 23:22:07 [http-nio-8080-exec-4] WARN  o.h.e.jdbc.spi.SqlExceptionHelper - SQL Warning Code: 0, SQLState: null
2025-11-10 23:22:07 [http-nio-8080-exec-4] WARN  o.h.e.jdbc.spi.SqlExceptionHelper - TLSv1 was negotiated. Please update server and client to use TLSv1.2 at minimum.
2025-11-10 23:22:07 [http-nio-8080-exec-1] WARN  o.h.e.jdbc.spi.SqlExceptionHelper - TLSv1 was negotiated. Please update server and client to use TLSv1.2 at minimum.
2025-11-10 23:22:07 [http-nio-8080-exec-5] WARN  o.h.e.jdbc.spi.SqlExceptionHelper - TLSv1 was negotiated. Please update server and client to use TLSv1.2 at minimum.
2025-11-10 23:22:10 [http-nio-8080-exec-6] INFO  c.s.b.controller.CategoryController - Received Params: {status=1, paginate=4}
2025-11-10 23:22:10 [http-nio-8080-exec-2] INFO  c.s.b.controller.CategoryController - Received Params: {status=1, paginate=4}
2025-11-10 23:22:10 [http-nio-8080-exec-9] INFO  c.s.b.controller.CategoryController - Received Params: {status=1, ids=1}
2025-11-10 23:22:10 [http-nio-8080-exec-10] INFO  c.s.b.controller.CategoryController - Received Params: {status=1, paginate=4}
2025-11-10 23:22:10 [http-nio-8080-exec-8] INFO  c.s.b.controller.CategoryController - Received Params: {status=1, paginate=4}
2025-11-10 23:22:11 [http-nio-8080-exec-3] INFO  c.s.b.controller.CategoryController - Received Params: {status=1, paginate=4}
2025-11-10 23:22:11 [http-nio-8080-exec-7] INFO  c.s.b.controller.CategoryController - Received Params: {status=1, paginate=4}
2025-11-10 23:22:11 [http-nio-8080-exec-4] INFO  c.s.b.controller.CategoryController - Received Params: {status=1, paginate=4}
2025-11-10 23:22:11 [http-nio-8080-exec-1] INFO  c.s.b.controller.CategoryController - Received Params: {status=1, paginate=4}
2025-11-10 23:22:11 [http-nio-8080-exec-5] INFO  c.s.b.controller.CategoryController - Received Params: {status=1, ids=1}
2025-11-10 23:22:11 [http-nio-8080-exec-6] INFO  c.s.b.controller.CategoryController - Received Params: {status=1, paginate=4}
2025-11-10 23:22:11 [http-nio-8080-exec-9] INFO  c.s.b.controller.CategoryController - Received Params: {status=1, ids=1}
2025-11-10 23:22:11 [http-nio-8080-exec-2] INFO  c.s.b.controller.CategoryController - Received Params: {status=1, paginate=4}
2025-11-10 23:22:11 [http-nio-8080-exec-10] INFO  c.s.b.controller.CategoryController - Received Params: {status=1, ids=1}
2025-11-10 23:22:11 [http-nio-8080-exec-8] INFO  c.s.b.controller.CategoryController - Received Params: {status=1, paginate=4}
2025-11-10 23:22:11 [http-nio-8080-exec-3] INFO  c.s.b.controller.CategoryController - Received Params: {status=1, ids=1}
2025-11-10 23:22:11 [http-nio-8080-exec-7] INFO  c.s.b.controller.CategoryController - Received Params: {status=1, paginate=4}
2025-11-10 23:22:11 [http-nio-8080-exec-4] INFO  c.s.b.controller.CategoryController - Received Params: {status=1, ids=1}
2025-11-10 23:22:14 [http-nio-8080-exec-5] INFO  c.s.b.controller.CategoryController - Received Params: {status=1, paginate=4}
2025-11-10 23:22:14 [http-nio-8080-exec-1] INFO  c.s.b.controller.CategoryController - Received Params: {status=1, ids=1}
2025-11-10 23:22:14 [http-nio-8080-exec-9] INFO  c.s.b.controller.CategoryController - Received Params: {status=1, ids=3,8,11,13,14}
2025-11-10 23:22:14 [http-nio-8080-exec-2] INFO  c.s.b.controller.CategoryController - Received Params: {status=1, ids=3,8,11,13,14}
2025-11-10 23:22:15 [http-nio-8080-exec-10] INFO  c.s.b.controller.CategoryController - Received Params: {status=1, paginate=4}
2025-11-10 23:22:15 [http-nio-8080-exec-8] INFO  c.s.b.controller.CategoryController - Received Params: {status=1, paginate=4}
2025-11-10 23:22:15 [http-nio-8080-exec-3] INFO  c.s.b.controller.CategoryController - Received Params: {status=1, paginate=4}
2025-11-10 23:22:15 [http-nio-8080-exec-4] INFO  c.s.b.controller.CategoryController - Received Params: {status=1, paginate=4}
2025-11-10 23:22:15 [http-nio-8080-exec-7] INFO  c.s.b.controller.CategoryController - Received Params: {status=1, paginate=4}
2025-11-10 23:22:15 [http-nio-8080-exec-5] INFO  c.s.b.controller.CategoryController - Received Params: {status=1, paginate=4}
2025-11-10 23:22:15 [http-nio-8080-exec-1] INFO  c.s.b.controller.CategoryController - Received Params: {status=1, paginate=4}
2025-11-10 23:22:15 [http-nio-8080-exec-9] INFO  c.s.b.controller.CategoryController - Received Params: {status=1, ids=1}
2025-11-10 23:22:15 [http-nio-8080-exec-6] INFO  c.s.b.controller.CategoryController - Received Params: {status=1, paginate=4}
2025-11-10 23:22:15 [http-nio-8080-exec-2] INFO  c.s.b.controller.CategoryController - Received Params: {status=1, ids=1}
2025-11-10 23:22:15 [http-nio-8080-exec-10] INFO  c.s.b.controller.CategoryController - Received Params: {status=1, paginate=4}
2025-11-10 23:22:15 [http-nio-8080-exec-8] INFO  c.s.b.controller.CategoryController - Received Params: {status=1, ids=1}
2025-11-10 23:22:15 [http-nio-8080-exec-3] INFO  c.s.b.controller.CategoryController - Received Params: {status=1, paginate=4}
2025-11-10 23:22:15 [http-nio-8080-exec-4] INFO  c.s.b.controller.CategoryController - Received Params: {status=1, ids=1}
2025-11-10 23:22:15 [http-nio-8080-exec-7] INFO  c.s.b.controller.CategoryController - Received Params: {status=1, paginate=4}
2025-11-10 23:22:15 [http-nio-8080-exec-9] INFO  c.s.b.controller.CategoryController - Received Params: {status=1, ids=1}
2025-11-10 23:22:15 [http-nio-8080-exec-5] INFO  c.s.b.controller.CategoryController - Received Params: {status=1, ids=1}
2025-11-10 23:22:15 [http-nio-8080-exec-1] INFO  c.s.b.controller.CategoryController - Received Params: {status=1, paginate=4}
2025-11-10 23:22:18 [http-nio-8080-exec-6] INFO  c.s.b.controller.CategoryController - Received Params: {status=1, paginate=4}
2025-11-10 23:22:18 [http-nio-8080-exec-2] INFO  c.s.b.controller.CategoryController - Received Params: {status=1, paginate=4}
2025-11-10 23:22:18 [http-nio-8080-exec-10] INFO  c.s.b.controller.CategoryController - Received Params: {status=1, ids=1}
2025-11-10 23:22:18 [http-nio-8080-exec-8] INFO  c.s.b.controller.CategoryController - Received Params: {status=1, paginate=4}
2025-11-10 23:22:18 [http-nio-8080-exec-4] INFO  c.s.b.controller.CategoryController - Received Params: {status=1, ids=3,8,11,13,14}
2025-11-10 23:22:18 [http-nio-8080-exec-9] INFO  c.s.b.controller.CategoryController - Received Params: {status=1, ids=3,8,11,13,14}
2025-11-10 23:22:18 [http-nio-8080-exec-5] INFO  c.s.b.controller.CategoryController - Received Params: {status=1, paginate=4}
2025-11-10 23:22:18 [http-nio-8080-exec-1] INFO  c.s.b.controller.CategoryController - Received Params: {status=1, paginate=4}
2025-11-10 23:22:18 [http-nio-8080-exec-7] INFO  c.s.b.controller.CategoryController - Received Params: {status=1, ids=1}
2025-11-10 23:22:19 [http-nio-8080-exec-6] INFO  c.s.b.controller.CategoryController - Received Params: {status=1, paginate=4}
2025-11-10 23:22:19 [http-nio-8080-exec-10] INFO  c.s.b.controller.CategoryController - Received Params: {status=1, paginate=4}
2025-11-10 23:22:19 [http-nio-8080-exec-2] INFO  c.s.b.controller.CategoryController - Received Params: {status=1, ids=1}
2025-11-10 23:22:19 [http-nio-8080-exec-8] INFO  c.s.b.controller.CategoryController - Received Params: {status=1, paginate=4}
2025-11-10 23:22:19 [http-nio-8080-exec-9] INFO  c.s.b.controller.CategoryController - Received Params: {status=1, ids=1}
2025-11-10 23:22:21 [http-nio-8080-exec-4] INFO  c.s.b.controller.CategoryController - Received Params: {status=1, paginate=4}
2025-11-10 23:22:21 [http-nio-8080-exec-3] INFO  c.s.b.controller.CategoryController - Received Params: {status=1, paginate=4}
2025-11-10 23:22:21 [http-nio-8080-exec-5] INFO  c.s.b.controller.CategoryController - Received Params: {status=1, ids=1}
2025-11-10 23:22:21 [http-nio-8080-exec-1] INFO  c.s.b.controller.CategoryController - Received Params: {status=1, paginate=4}
2025-11-10 23:22:21 [http-nio-8080-exec-7] INFO  c.s.b.controller.CategoryController - Received Params: {status=1, paginate=4}
2025-11-10 23:22:21 [http-nio-8080-exec-6] INFO  c.s.b.controller.CategoryController - Received Params: {status=1, paginate=4}
2025-11-10 23:22:21 [http-nio-8080-exec-2] INFO  c.s.b.controller.CategoryController - Received Params: {status=1, paginate=4}
2025-11-10 23:22:22 [http-nio-8080-exec-10] INFO  c.s.b.controller.CategoryController - Received Params: {status=1, paginate=4}
2025-11-10 23:22:22 [http-nio-8080-exec-8] INFO  c.s.b.controller.CategoryController - Received Params: {status=1, paginate=4}
2025-11-10 23:22:22 [http-nio-8080-exec-9] INFO  c.s.b.controller.CategoryController - Received Params: {status=1, ids=1}
2025-11-10 23:22:22 [http-nio-8080-exec-4] INFO  c.s.b.controller.CategoryController - Received Params: {status=1, paginate=4}
2025-11-10 23:22:22 [http-nio-8080-exec-3] INFO  c.s.b.controller.CategoryController - Received Params: {status=1, ids=1}
2025-11-10 23:22:22 [http-nio-8080-exec-5] INFO  c.s.b.controller.CategoryController - Received Params: {status=1, paginate=4}
2025-11-10 23:22:22 [http-nio-8080-exec-1] INFO  c.s.b.controller.CategoryController - Received Params: {status=1, ids=1}
2025-11-10 23:22:22 [http-nio-8080-exec-7] INFO  c.s.b.controller.CategoryController - Received Params: {status=1, paginate=4}
2025-11-10 23:22:22 [http-nio-8080-exec-6] INFO  c.s.b.controller.CategoryController - Received Params: {status=1, ids=1}
2025-11-10 23:22:22 [http-nio-8080-exec-2] INFO  c.s.b.controller.CategoryController - Received Params: {status=1, paginate=4}
2025-11-10 23:22:22 [http-nio-8080-exec-10] INFO  c.s.b.controller.CategoryController - Received Params: {status=1, ids=1}
2025-11-10 23:22:25 [http-nio-8080-exec-8] INFO  c.s.b.controller.CategoryController - Received Params: {status=1, paginate=4}
2025-11-10 23:22:25 [http-nio-8080-exec-9] INFO  c.s.b.controller.CategoryController - Received Params: {status=1, ids=1}
2025-11-10 23:22:25 [http-nio-8080-exec-3] INFO  c.s.b.controller.CategoryController - Received Params: {status=1, ids=3,8,11,13,14}
2025-11-10 23:22:25 [http-nio-8080-exec-1] INFO  c.s.b.controller.CategoryController - Received Params: {status=1, ids=3,8,11,13,14}
2025-11-10 23:22:26 [http-nio-8080-exec-5] INFO  c.s.b.controller.CategoryController - Received Params: {status=1, paginate=4}
2025-11-10 23:22:26 [http-nio-8080-exec-6] INFO  c.s.b.controller.CategoryController - Received Params: {status=1, paginate=4}
2025-11-10 23:22:26 [http-nio-8080-exec-7] INFO  c.s.b.controller.CategoryController - Received Params: {status=1, paginate=4}
2025-11-10 23:22:26 [http-nio-8080-exec-10] INFO  c.s.b.controller.CategoryController - Received Params: {status=1, paginate=4}
2025-11-10 23:22:26 [http-nio-8080-exec-2] INFO  c.s.b.controller.CategoryController - Received Params: {status=1, paginate=4}
2025-11-10 23:22:26 [http-nio-8080-exec-8] INFO  c.s.b.controller.CategoryController - Received Params: {status=1, paginate=4}
2025-11-10 23:22:26 [http-nio-8080-exec-9] INFO  c.s.b.controller.CategoryController - Received Params: {status=1, paginate=4}
2025-11-10 23:22:26 [http-nio-8080-exec-3] INFO  c.s.b.controller.CategoryController - Received Params: {status=1, ids=1}
2025-11-10 23:22:26 [http-nio-8080-exec-4] INFO  c.s.b.controller.CategoryController - Received Params: {status=1, paginate=4}
2025-11-10 23:22:26 [http-nio-8080-exec-1] INFO  c.s.b.controller.CategoryController - Received Params: {status=1, ids=1}
2025-11-10 23:22:26 [http-nio-8080-exec-5] INFO  c.s.b.controller.CategoryController - Received Params: {status=1, paginate=4}
2025-11-10 23:22:26 [http-nio-8080-exec-6] INFO  c.s.b.controller.CategoryController - Received Params: {status=1, ids=1}
2025-11-10 23:22:27 [http-nio-8080-exec-7] INFO  c.s.b.controller.CategoryController - Received Params: {status=1, paginate=4}
2025-11-10 23:22:27 [http-nio-8080-exec-10] INFO  c.s.b.controller.CategoryController - Received Params: {status=1, ids=1}
2025-11-10 23:22:27 [http-nio-8080-exec-2] INFO  c.s.b.controller.CategoryController - Received Params: {status=1, paginate=4}
2025-11-10 23:22:27 [http-nio-8080-exec-8] INFO  c.s.b.controller.CategoryController - Received Params: {status=1, ids=1}
2025-11-10 23:22:27 [http-nio-8080-exec-9] INFO  c.s.b.controller.CategoryController - Received Params: {status=1, paginate=4}
2025-11-10 23:22:27 [http-nio-8080-exec-3] INFO  c.s.b.controller.CategoryController - Received Params: {status=1, ids=1}
2025-11-10 23:22:29 [http-nio-8080-exec-4] INFO  c.s.b.controller.CategoryController - Received Params: {status=1, paginate=4}
2025-11-10 23:22:29 [http-nio-8080-exec-1] INFO  c.s.b.controller.CategoryController - Received Params: {status=1, paginate=4}
2025-11-10 23:22:29 [http-nio-8080-exec-5] INFO  c.s.b.controller.CategoryController - Received Params: {status=1, ids=1}
2025-11-10 23:22:29 [http-nio-8080-exec-6] INFO  c.s.b.controller.CategoryController - Received Params: {status=1, paginate=4}
2025-11-10 23:22:29 [http-nio-8080-exec-7] INFO  c.s.b.controller.CategoryController - Received Params: {status=1, paginate=4}
2025-11-10 23:22:29 [http-nio-8080-exec-10] INFO  c.s.b.controller.CategoryController - Received Params: {status=1, ids=1}
2025-11-10 23:22:30 [http-nio-8080-exec-2] INFO  c.s.b.controller.CategoryController - Received Params: {status=1, paginate=4}
2025-11-10 23:22:30 [http-nio-8080-exec-8] INFO  c.s.b.controller.CategoryController - Received Params: {status=1, paginate=4}
2025-11-10 23:22:30 [http-nio-8080-exec-9] INFO  c.s.b.controller.CategoryController - Received Params: {status=1, ids=1}
2025-11-10 23:27:09 [http-nio-8080-exec-3] INFO  c.s.b.controller.CategoryController - Received Params: {status=1, paginate=4}
2025-11-10 23:27:09 [http-nio-8080-exec-10] INFO  c.s.b.controller.CategoryController - Received Params: {status=1, paginate=4}
2025-11-10 23:27:09 [http-nio-8080-exec-12] INFO  c.s.b.controller.CategoryController - Received Params: {status=1, ids=1}
2025-11-10 23:27:09 [http-nio-8080-exec-7] INFO  c.s.b.controller.CategoryController - Received Params: {status=1, ids=3,8,11,13,14}
2025-11-10 23:27:09 [http-nio-8080-exec-6] INFO  c.s.b.controller.CategoryController - Received Params: {status=1, ids=3,8,11,13,14}
2025-11-10 23:27:12 [http-nio-8080-exec-11] INFO  c.s.b.controller.CategoryController - Received Params: {status=1, paginate=4}
2025-11-10 23:27:12 [http-nio-8080-exec-1] INFO  c.s.b.controller.CategoryController - Received Params: {status=1, paginate=4}
2025-11-10 23:27:12 [http-nio-8080-exec-9] INFO  c.s.b.controller.CategoryController - Received Params: {status=1, ids=1}
2025-11-10 23:27:12 [http-nio-8080-exec-3] INFO  c.s.b.controller.CategoryController - Received Params: {status=1, ids=3,8,11,13,14}
2025-11-10 23:27:12 [http-nio-8080-exec-12] INFO  c.s.b.controller.CategoryController - Received Params: {status=1, ids=3,8,11,13,14}
2025-11-10 23:27:13 [http-nio-8080-exec-10] INFO  c.s.b.controller.CategoryController - Received Params: {status=1, paginate=4}
2025-11-10 23:27:13 [http-nio-8080-exec-7] INFO  c.s.b.controller.CategoryController - Received Params: {status=1, paginate=4}
2025-11-10 23:27:13 [http-nio-8080-exec-6] INFO  c.s.b.controller.CategoryController - Received Params: {status=1, paginate=4}
2025-11-10 23:27:14 [http-nio-8080-exec-5] INFO  c.s.b.controller.CategoryController - Received Params: {status=1, paginate=4}
2025-11-10 23:27:14 [http-nio-8080-exec-11] INFO  c.s.b.controller.CategoryController - Received Params: {status=1, ids=1}
2025-11-10 23:27:14 [http-nio-8080-exec-1] INFO  c.s.b.controller.CategoryController - Received Params: {status=1, paginate=4}
2025-11-10 23:27:14 [http-nio-8080-exec-9] INFO  c.s.b.controller.CategoryController - Received Params: {status=1, ids=1}
2025-11-10 23:27:14 [http-nio-8080-exec-3] INFO  c.s.b.controller.CategoryController - Received Params: {status=1, paginate=4}
2025-11-10 23:27:14 [http-nio-8080-exec-12] INFO  c.s.b.controller.CategoryController - Received Params: {status=1, ids=1}
2025-11-10 23:27:15 [http-nio-8080-exec-8] INFO  c.s.b.controller.CategoryController - Received Params: {status=1, paginate=4}
2025-11-10 23:27:16 [http-nio-8080-exec-10] INFO  c.s.b.controller.CategoryController - Received Params: {status=1, paginate=4}
2025-11-10 23:27:16 [http-nio-8080-exec-7] INFO  c.s.b.controller.CategoryController - Received Params: {status=1, paginate=4}
2025-11-10 23:27:16 [http-nio-8080-exec-6] INFO  c.s.b.controller.CategoryController - Received Params: {status=1, ids=1}
2025-11-10 23:27:16 [http-nio-8080-exec-5] INFO  c.s.b.controller.CategoryController - Received Params: {status=1, paginate=4}
2025-11-10 23:27:16 [http-nio-8080-exec-11] INFO  c.s.b.controller.CategoryController - Received Params: {status=1, ids=1}
2025-11-10 23:27:17 [http-nio-8080-exec-1] INFO  c.s.b.controller.CategoryController - Received Params: {status=1, paginate=4}
2025-11-10 23:27:17 [http-nio-8080-exec-9] INFO  c.s.b.controller.CategoryController - Received Params: {status=1, paginate=4}
2025-11-10 23:27:17 [http-nio-8080-exec-3] INFO  c.s.b.controller.CategoryController - Received Params: {status=1, ids=1}
2025-11-10 23:27:17 [http-nio-8080-exec-12] INFO  c.s.b.controller.CategoryController - Received Params: {status=1, paginate=4}
2025-11-10 23:27:17 [http-nio-8080-exec-8] INFO  c.s.b.controller.CategoryController - Received Params: {status=1, ids=1}
2025-11-10 23:27:17 [http-nio-8080-exec-10] INFO  c.s.b.controller.CategoryController - Received Params: {status=1, paginate=4}
2025-11-10 23:27:17 [http-nio-8080-exec-6] INFO  c.s.b.controller.CategoryController - Received Params: {status=1, paginate=4}
2025-11-10 23:27:17 [http-nio-8080-exec-5] INFO  c.s.b.controller.CategoryController - Received Params: {status=1, ids=3,8,11,13,14}
2025-11-10 23:27:17 [http-nio-8080-exec-11] INFO  c.s.b.controller.CategoryController - Received Params: {status=1, ids=3,8,11,13,14}
2025-11-10 23:27:17 [http-nio-8080-exec-9] INFO  c.s.b.controller.CategoryController - Received Params: {status=1, paginate=4}
2025-11-10 23:27:17 [http-nio-8080-exec-1] INFO  c.s.b.controller.CategoryController - Received Params: {status=1, ids=1}
2025-11-10 23:27:17 [http-nio-8080-exec-3] INFO  c.s.b.controller.CategoryController - Received Params: {status=1, paginate=4}
2025-11-10 23:27:17 [http-nio-8080-exec-3] INFO  c.s.b.controller.CategoryController - Received Params: {status=1, ids=1}
2025-11-10 23:27:18 [http-nio-8080-exec-8] INFO  c.s.b.controller.CategoryController - Received Params: {status=1, paginate=4}
2025-11-10 23:27:18 [http-nio-8080-exec-10] INFO  c.s.b.controller.CategoryController - Received Params: {status=1, paginate=4}
2025-11-10 23:27:18 [http-nio-8080-exec-6] INFO  c.s.b.controller.CategoryController - Received Params: {status=1, ids=1}
2025-11-10 23:27:19 [http-nio-8080-exec-5] INFO  c.s.b.controller.CategoryController - Received Params: {status=1, paginate=4}
2025-11-10 23:27:19 [http-nio-8080-exec-11] INFO  c.s.b.controller.CategoryController - Received Params: {status=1, paginate=4}
2025-11-10 23:27:19 [http-nio-8080-exec-7] INFO  c.s.b.controller.CategoryController - Received Params: {status=1, ids=1}
2025-11-10 23:27:19 [http-nio-8080-exec-9] INFO  c.s.b.controller.CategoryController - Received Params: {status=1, paginate=4}
2025-11-10 23:27:19 [http-nio-8080-exec-1] INFO  c.s.b.controller.CategoryController - Received Params: {status=1, paginate=4}
2025-11-10 23:27:19 [http-nio-8080-exec-12] INFO  c.s.b.controller.CategoryController - Received Params: {status=1, ids=1}
2025-11-10 23:27:20 [http-nio-8080-exec-3] INFO  c.s.b.controller.CategoryController - Received Params: {status=1, paginate=4}
2025-11-10 23:27:20 [http-nio-8080-exec-8] INFO  c.s.b.controller.CategoryController - Received Params: {status=1, paginate=4}
2025-11-10 23:27:20 [http-nio-8080-exec-10] INFO  c.s.b.controller.CategoryController - Received Params: {status=1, ids=1}
2025-11-10 23:27:23 [http-nio-8080-exec-6] INFO  c.s.b.controller.CategoryController - Received Params: {status=1, paginate=4}
2025-11-10 23:27:23 [http-nio-8080-exec-5] INFO  c.s.b.controller.CategoryController - Received Params: {status=1, paginate=4}
2025-11-10 23:27:23 [http-nio-8080-exec-11] INFO  c.s.b.controller.CategoryController - Received Params: {status=1, ids=1}
2025-11-10 23:28:00 [http-nio-8080-exec-7] INFO  c.s.b.controller.CategoryController - Received Params: {status=1, paginate=4}
2025-11-10 23:28:00 [http-nio-8080-exec-9] INFO  c.s.b.controller.CategoryController - Received Params: {status=1, paginate=4}
2025-11-10 23:28:00 [http-nio-8080-exec-1] INFO  c.s.b.controller.CategoryController - Received Params: {status=1, ids=1}
2025-11-10 23:28:01 [http-nio-8080-exec-12] INFO  c.s.b.controller.CategoryController - Received Params: {status=1, paginate=4}
2025-11-10 23:28:01 [http-nio-8080-exec-3] INFO  c.s.b.controller.CategoryController - Received Params: {status=1, paginate=4}
2025-11-10 23:28:01 [http-nio-8080-exec-8] INFO  c.s.b.controller.CategoryController - Received Params: {status=1, paginate=4}
2025-11-10 23:28:01 [http-nio-8080-exec-10] INFO  c.s.b.controller.CategoryController - Received Params: {status=1, paginate=4}
2025-11-10 23:28:01 [http-nio-8080-exec-6] INFO  c.s.b.controller.CategoryController - Received Params: {status=1, paginate=4}
2025-11-10 23:28:02 [http-nio-8080-exec-5] INFO  c.s.b.controller.CategoryController - Received Params: {status=1, paginate=4}
2025-11-10 23:28:02 [http-nio-8080-exec-11] INFO  c.s.b.controller.CategoryController - Received Params: {status=1, ids=1}
2025-11-10 23:28:02 [http-nio-8080-exec-7] INFO  c.s.b.controller.CategoryController - Received Params: {status=1, paginate=4}
2025-11-10 23:28:02 [http-nio-8080-exec-9] INFO  c.s.b.controller.CategoryController - Received Params: {status=1, ids=1}
2025-11-10 23:28:02 [http-nio-8080-exec-1] INFO  c.s.b.controller.CategoryController - Received Params: {status=1, paginate=4}
2025-11-10 23:28:02 [http-nio-8080-exec-12] INFO  c.s.b.controller.CategoryController - Received Params: {status=1, ids=1}
2025-11-10 23:28:02 [http-nio-8080-exec-3] INFO  c.s.b.controller.CategoryController - Received Params: {status=1, paginate=4}
2025-11-10 23:28:02 [http-nio-8080-exec-8] INFO  c.s.b.controller.CategoryController - Received Params: {status=1, ids=1}
2025-11-10 23:28:02 [http-nio-8080-exec-10] INFO  c.s.b.controller.CategoryController - Received Params: {status=1, paginate=4}
2025-11-10 23:28:02 [http-nio-8080-exec-6] INFO  c.s.b.controller.CategoryController - Received Params: {status=1, ids=1}
2025-11-10 23:28:12 [http-nio-8080-exec-5] INFO  c.s.b.controller.CategoryController - Received Params: {status=1, paginate=4}
2025-11-10 23:28:12 [http-nio-8080-exec-11] INFO  c.s.b.controller.CategoryController - Received Params: {status=1, paginate=4}
2025-11-10 23:28:12 [http-nio-8080-exec-7] INFO  c.s.b.controller.CategoryController - Received Params: {status=1, paginate=4}
2025-11-10 23:28:12 [http-nio-8080-exec-9] INFO  c.s.b.controller.CategoryController - Received Params: {status=1, ids=1}
2025-11-10 23:28:12 [http-nio-8080-exec-1] INFO  c.s.b.controller.CategoryController - Received Params: {status=1, paginate=4}
2025-11-10 23:28:12 [http-nio-8080-exec-12] INFO  c.s.b.controller.CategoryController - Received Params: {status=1, ids=1}
2025-11-10 23:29:34 [http-nio-8080-exec-8] INFO  c.s.b.controller.CategoryController - Received Params: {status=1, paginate=4}
2025-11-10 23:29:34 [http-nio-8080-exec-6] INFO  c.s.b.controller.CategoryController - Received Params: {status=1, paginate=4}
2025-11-10 23:29:35 [http-nio-8080-exec-10] INFO  c.s.b.controller.CategoryController - Received Params: {status=1, paginate=4}
2025-11-10 23:29:35 [http-nio-8080-exec-5] INFO  c.s.b.controller.CategoryController - Received Params: {status=1, ids=1}
2025-11-10 23:29:35 [http-nio-8080-exec-11] INFO  c.s.b.controller.CategoryController - Received Params: {status=1, ids=1}
2025-11-10 23:29:35 [http-nio-8080-exec-7] INFO  c.s.b.controller.CategoryController - Received Params: {status=1, paginate=4}
2025-11-10 23:30:40 [http-nio-8080-exec-8] INFO  c.s.b.controller.CategoryController - Received Params: {status=1, paginate=4}
2025-11-10 23:30:40 [http-nio-8080-exec-6] INFO  c.s.b.controller.CategoryController - Received Params: {status=1, paginate=4}
2025-11-10 23:30:40 [http-nio-8080-exec-10] INFO  c.s.b.controller.CategoryController - Received Params: {status=1, ids=1}
2025-11-10 23:47:23 [HikariPool-1 connection adder] WARN  c.m.s.jdbc.internals.TDS.Channel - TLSv1 was negotiated. Please update server and client to use TLSv1.2 at minimum.
2025-11-10 23:47:25 [HikariPool-1 connection adder] WARN  c.m.s.jdbc.internals.TDS.Channel - TLSv1 was negotiated. Please update server and client to use TLSv1.2 at minimum.
2025-11-10 23:47:25 [HikariPool-1 connection adder] WARN  c.m.s.jdbc.internals.TDS.Channel - TLSv1 was negotiated. Please update server and client to use TLSv1.2 at minimum.
2025-11-10 23:47:29 [HikariPool-1 connection adder] WARN  c.m.s.jdbc.internals.TDS.Channel - TLSv1 was negotiated. Please update server and client to use TLSv1.2 at minimum.
2025-11-10 23:47:33 [HikariPool-1 connection adder] WARN  c.m.s.jdbc.internals.TDS.Channel - TLSv1 was negotiated. Please update server and client to use TLSv1.2 at minimum.
2025-11-10 23:47:36 [HikariPool-1 connection adder] WARN  c.m.s.jdbc.internals.TDS.Channel - TLSv1 was negotiated. Please update server and client to use TLSv1.2 at minimum.
2025-11-10 23:47:43 [HikariPool-1 connection adder] WARN  c.m.s.jdbc.internals.TDS.Channel - TLSv1 was negotiated. Please update server and client to use TLSv1.2 at minimum.
2025-11-10 23:47:52 [HikariPool-1 connection adder] WARN  c.m.s.jdbc.internals.TDS.Channel - TLSv1 was negotiated. Please update server and client to use TLSv1.2 at minimum.
2025-11-10 23:47:54 [HikariPool-1 connection adder] WARN  c.m.s.jdbc.internals.TDS.Channel - TLSv1 was negotiated. Please update server and client to use TLSv1.2 at minimum.
2025-11-10 23:47:57 [HikariPool-1 connection adder] WARN  c.m.s.jdbc.internals.TDS.Channel - TLSv1 was negotiated. Please update server and client to use TLSv1.2 at minimum.
2025-11-10 23:48:56 [SpringApplicationShutdownHook] INFO  o.s.b.w.e.tomcat.GracefulShutdown - Commencing graceful shutdown. Waiting for active requests to complete
2025-11-10 23:48:56 [tomcat-shutdown] INFO  o.s.b.w.e.tomcat.GracefulShutdown - Graceful shutdown complete
2025-11-10 23:48:56 [SpringApplicationShutdownHook] INFO  o.s.o.j.LocalContainerEntityManagerFactoryBean - Closing JPA EntityManagerFactory for persistence unit 'default'
2025-11-10 23:48:56 [SpringApplicationShutdownHook] INFO  com.zaxxer.hikari.HikariDataSource - HikariPool-1 - Shutdown initiated...
2025-11-10 23:48:56 [SpringApplicationShutdownHook] INFO  com.zaxxer.hikari.HikariDataSource - HikariPool-1 - Shutdown completed.
