2025-11-07 00:15:10 [HikariPool-1 connection adder] WARN  c.m.s.jdbc.internals.TDS.Channel - TLSv1 was negotiated. Please update server and client to use TLSv1.2 at minimum.
2025-11-07 00:15:11 [HikariPool-1 connection adder] WARN  c.m.s.jdbc.internals.TDS.Channel - TLSv1 was negotiated. Please update server and client to use TLSv1.2 at minimum.
2025-11-07 00:15:24 [HikariPool-1 connection adder] WARN  c.m.s.jdbc.internals.TDS.Channel - TLSv1 was negotiated. Please update server and client to use TLSv1.2 at minimum.
2025-11-07 00:15:31 [HikariPool-1 connection adder] WARN  c.m.s.jdbc.internals.TDS.Channel - TLSv1 was negotiated. Please update server and client to use TLSv1.2 at minimum.
2025-11-07 00:15:31 [HikariPool-1 connection adder] WARN  c.m.s.jdbc.internals.TDS.Channel - TLSv1 was negotiated. Please update server and client to use TLSv1.2 at minimum.
2025-11-07 00:15:32 [HikariPool-1 connection adder] WARN  c.m.s.jdbc.internals.TDS.Channel - TLSv1 was negotiated. Please update server and client to use TLSv1.2 at minimum.
2025-11-07 00:15:40 [HikariPool-1 connection adder] WARN  c.m.s.jdbc.internals.TDS.Channel - TLSv1 was negotiated. Please update server and client to use TLSv1.2 at minimum.
2025-11-07 00:15:41 [HikariPool-1 connection adder] WARN  c.m.s.jdbc.internals.TDS.Channel - TLSv1 was negotiated. Please update server and client to use TLSv1.2 at minimum.
2025-11-07 00:15:45 [HikariPool-1 connection adder] WARN  c.m.s.jdbc.internals.TDS.Channel - TLSv1 was negotiated. Please update server and client to use TLSv1.2 at minimum.
2025-11-07 00:15:49 [HikariPool-1 connection adder] WARN  c.m.s.jdbc.internals.TDS.Channel - TLSv1 was negotiated. Please update server and client to use TLSv1.2 at minimum.
2025-11-07 00:18:25 [http-nio-8080-exec-9] INFO  c.s.b.controller.CategoryController - Received Params: {status=1, paginate=4}
2025-11-07 00:18:26 [http-nio-8080-exec-9] WARN  o.h.e.jdbc.spi.SqlExceptionHelper - SQL Warning Code: 0, SQLState: null
2025-11-07 00:18:26 [http-nio-8080-exec-9] WARN  o.h.e.jdbc.spi.SqlExceptionHelper - TLSv1 was negotiated. Please update server and client to use TLSv1.2 at minimum.
2025-11-07 00:18:26 [http-nio-8080-exec-2] INFO  c.s.b.controller.CategoryController - Received Params: {status=1, ids=1}
2025-11-07 00:18:26 [http-nio-8080-exec-6] INFO  c.s.b.controller.CategoryController - Received Params: {status=1, paginate=4}
2025-11-07 00:18:26 [http-nio-8080-exec-6] WARN  o.h.e.jdbc.spi.SqlExceptionHelper - SQL Warning Code: 0, SQLState: null
2025-11-07 00:18:26 [http-nio-8080-exec-6] WARN  o.h.e.jdbc.spi.SqlExceptionHelper - TLSv1 was negotiated. Please update server and client to use TLSv1.2 at minimum.
2025-11-07 00:18:26 [http-nio-8080-exec-3] INFO  c.s.b.controller.CategoryController - Received Params: {status=1, ids=3,8,11,13,14}
2025-11-07 00:18:26 [http-nio-8080-exec-4] INFO  c.s.b.controller.CategoryController - Received Params: {status=1, ids=3,8,11,13,14}
2025-11-07 00:18:29 [http-nio-8080-exec-5] INFO  c.s.b.controller.CategoryController - Received Params: {status=1, paginate=4}
2025-11-07 00:18:29 [http-nio-8080-exec-7] INFO  c.s.b.controller.CategoryController - Received Params: {status=1, paginate=4}
2025-11-07 00:18:29 [http-nio-8080-exec-8] INFO  c.s.b.controller.CategoryController - Received Params: {status=1, ids=1}
2025-11-07 00:18:29 [http-nio-8080-exec-10] INFO  c.s.b.controller.CategoryController - Received Params: {status=1, paginate=4}
2025-11-07 00:18:30 [http-nio-8080-exec-9] INFO  c.s.b.controller.CategoryController - Received Params: {status=1, paginate=4}
2025-11-07 00:18:30 [http-nio-8080-exec-2] INFO  c.s.b.controller.CategoryController - Received Params: {status=1, paginate=4}
2025-11-07 00:18:30 [http-nio-8080-exec-6] INFO  c.s.b.controller.CategoryController - Received Params: {status=1, paginate=4}
2025-11-07 00:18:30 [http-nio-8080-exec-1] INFO  c.s.b.controller.CategoryController - Received Params: {status=1, paginate=4}
2025-11-07 00:18:30 [http-nio-8080-exec-4] INFO  c.s.b.controller.CategoryController - Received Params: {status=1, paginate=4}
2025-11-07 00:18:30 [http-nio-8080-exec-3] INFO  c.s.b.controller.CategoryController - Received Params: {status=1, ids=1}
2025-11-07 00:18:30 [http-nio-8080-exec-5] INFO  c.s.b.controller.CategoryController - Received Params: {status=1, paginate=4}
2025-11-07 00:18:30 [http-nio-8080-exec-7] INFO  c.s.b.controller.CategoryController - Received Params: {status=1, ids=1}
2025-11-07 00:18:30 [http-nio-8080-exec-8] INFO  c.s.b.controller.CategoryController - Received Params: {status=1, paginate=4}
2025-11-07 00:18:30 [http-nio-8080-exec-10] INFO  c.s.b.controller.CategoryController - Received Params: {status=1, ids=1}
2025-11-07 00:18:30 [http-nio-8080-exec-9] INFO  c.s.b.controller.CategoryController - Received Params: {status=1, paginate=4}
2025-11-07 00:18:30 [http-nio-8080-exec-2] INFO  c.s.b.controller.CategoryController - Received Params: {status=1, ids=1}
2025-11-07 00:18:30 [http-nio-8080-exec-6] INFO  c.s.b.controller.CategoryController - Received Params: {status=1, paginate=4}
2025-11-07 00:18:30 [http-nio-8080-exec-1] INFO  c.s.b.controller.CategoryController - Received Params: {status=1, ids=1}
2025-11-07 00:18:32 [http-nio-8080-exec-4] INFO  c.s.b.controller.CategoryController - Received Params: {status=1, paginate=4}
2025-11-07 00:18:32 [http-nio-8080-exec-3] INFO  c.s.b.controller.CategoryController - Received Params: {status=1, paginate=4}
2025-11-07 00:18:32 [http-nio-8080-exec-5] INFO  c.s.b.controller.CategoryController - Received Params: {status=1, ids=1}
2025-11-07 00:18:33 [http-nio-8080-exec-7] INFO  c.s.b.controller.CategoryController - Received Params: {status=1, paginate=4}
2025-11-07 00:18:33 [http-nio-8080-exec-8] INFO  c.s.b.controller.CategoryController - Received Params: {status=1, paginate=4}
2025-11-07 00:18:33 [http-nio-8080-exec-10] INFO  c.s.b.controller.CategoryController - Received Params: {status=1, ids=1}
2025-11-07 00:18:33 [http-nio-8080-exec-9] INFO  c.s.b.controller.CategoryController - Received Params: {status=1, paginate=4}
2025-11-07 00:18:33 [http-nio-8080-exec-2] INFO  c.s.b.controller.CategoryController - Received Params: {status=1, ids=1}
2025-11-07 00:18:33 [http-nio-8080-exec-6] INFO  c.s.b.controller.CategoryController - Received Params: {status=1, paginate=4}
2025-11-07 00:18:33 [http-nio-8080-exec-1] INFO  c.s.b.controller.CategoryController - Received Params: {status=1, paginate=4}
2025-11-07 00:18:34 [http-nio-8080-exec-3] INFO  c.s.b.controller.CategoryController - Received Params: {status=1, ids=3,8,11,13,14}
2025-11-07 00:18:34 [http-nio-8080-exec-5] INFO  c.s.b.controller.CategoryController - Received Params: {status=1, paginate=4}
2025-11-07 00:18:34 [http-nio-8080-exec-7] INFO  c.s.b.controller.CategoryController - Received Params: {status=1, ids=3,8,11,13,14}
2025-11-07 00:18:34 [http-nio-8080-exec-5] WARN  o.h.e.jdbc.spi.SqlExceptionHelper - SQL Warning Code: 0, SQLState: null
2025-11-07 00:18:34 [http-nio-8080-exec-5] WARN  o.h.e.jdbc.spi.SqlExceptionHelper - TLSv1 was negotiated. Please update server and client to use TLSv1.2 at minimum.
2025-11-07 00:18:34 [http-nio-8080-exec-8] INFO  c.s.b.controller.CategoryController - Received Params: {status=1, paginate=4}
2025-11-07 00:18:34 [http-nio-8080-exec-10] INFO  c.s.b.controller.CategoryController - Received Params: {status=1, ids=1}
2025-11-07 00:18:34 [http-nio-8080-exec-9] INFO  c.s.b.controller.CategoryController - Received Params: {status=1, paginate=4}
2025-11-07 00:18:34 [http-nio-8080-exec-2] INFO  c.s.b.controller.CategoryController - Received Params: {status=1, ids=1}
2025-11-07 00:18:34 [http-nio-8080-exec-6] INFO  c.s.b.controller.CategoryController - Received Params: {status=1, paginate=4}
2025-11-07 00:18:35 [http-nio-8080-exec-1] INFO  c.s.b.controller.CategoryController - Received Params: {status=1, paginate=4}
2025-11-07 00:18:35 [http-nio-8080-exec-3] INFO  c.s.b.controller.CategoryController - Received Params: {status=1, ids=1}
2025-11-07 00:18:35 [http-nio-8080-exec-5] INFO  c.s.b.controller.CategoryController - Received Params: {status=1, paginate=4}
2025-11-07 00:18:36 [http-nio-8080-exec-7] INFO  c.s.b.controller.CategoryController - Received Params: {status=1, paginate=4}
2025-11-07 00:18:36 [http-nio-8080-exec-4] INFO  c.s.b.controller.CategoryController - Received Params: {status=1, ids=1}
2025-11-07 00:18:36 [http-nio-8080-exec-10] INFO  c.s.b.controller.CategoryController - Received Params: {status=1, paginate=4}
2025-11-07 00:18:36 [http-nio-8080-exec-8] INFO  c.s.b.controller.CategoryController - Received Params: {status=1, paginate=4}
2025-11-07 00:18:36 [http-nio-8080-exec-2] INFO  c.s.b.controller.CategoryController - Received Params: {status=1, ids=1}
2025-11-07 00:18:36 [http-nio-8080-exec-9] INFO  c.s.b.controller.CategoryController - Received Params: {status=1, paginate=4}
2025-11-07 00:18:36 [http-nio-8080-exec-6] INFO  c.s.b.controller.CategoryController - Received Params: {status=1, paginate=4}
2025-11-07 00:18:36 [http-nio-8080-exec-1] INFO  c.s.b.controller.CategoryController - Received Params: {status=1, ids=1}
2025-11-07 00:18:37 [http-nio-8080-exec-3] INFO  c.s.b.controller.CategoryController - Received Params: {status=1, paginate=4}
2025-11-07 00:18:37 [http-nio-8080-exec-5] INFO  c.s.b.controller.CategoryController - Received Params: {status=1, paginate=4}
2025-11-07 00:18:37 [http-nio-8080-exec-7] INFO  c.s.b.controller.CategoryController - Received Params: {status=1, ids=1}
2025-11-07 00:18:37 [http-nio-8080-exec-4] INFO  c.s.b.controller.CategoryController - Received Params: {status=1, paginate=4}
2025-11-07 00:18:37 [http-nio-8080-exec-10] INFO  c.s.b.controller.CategoryController - Received Params: {status=1, paginate=4}
2025-11-07 00:18:37 [http-nio-8080-exec-8] INFO  c.s.b.controller.CategoryController - Received Params: {status=1, ids=1}
2025-11-07 00:18:38 [http-nio-8080-exec-2] INFO  c.s.b.controller.CategoryController - Received Params: {status=1, paginate=4}
2025-11-07 00:18:38 [http-nio-8080-exec-9] INFO  c.s.b.controller.CategoryController - Received Params: {status=1, paginate=4}
2025-11-07 00:18:38 [http-nio-8080-exec-6] INFO  c.s.b.controller.CategoryController - Received Params: {status=1, ids=1}
2025-11-07 00:18:39 [http-nio-8080-exec-1] INFO  c.s.b.controller.CategoryController - Received Params: {status=1, paginate=4}
2025-11-07 00:18:39 [http-nio-8080-exec-3] INFO  c.s.b.controller.CategoryController - Received Params: {status=1, paginate=4}
2025-11-07 00:18:39 [http-nio-8080-exec-5] INFO  c.s.b.controller.CategoryController - Received Params: {status=1, ids=1}
2025-11-07 00:18:39 [http-nio-8080-exec-7] INFO  c.s.b.controller.CategoryController - Received Params: {status=1, paginate=4}
2025-11-07 00:18:39 [http-nio-8080-exec-4] INFO  c.s.b.controller.CategoryController - Received Params: {status=1, paginate=4}
2025-11-07 00:18:39 [http-nio-8080-exec-10] INFO  c.s.b.controller.CategoryController - Received Params: {status=1, ids=1}
2025-11-07 00:45:01 [HikariPool-1 connection adder] WARN  c.m.s.jdbc.internals.TDS.Channel - TLSv1 was negotiated. Please update server and client to use TLSv1.2 at minimum.
2025-11-07 00:45:08 [HikariPool-1 connection adder] WARN  c.m.s.jdbc.internals.TDS.Channel - TLSv1 was negotiated. Please update server and client to use TLSv1.2 at minimum.
2025-11-07 00:45:11 [HikariPool-1 connection adder] WARN  c.m.s.jdbc.internals.TDS.Channel - TLSv1 was negotiated. Please update server and client to use TLSv1.2 at minimum.
2025-11-07 00:45:12 [HikariPool-1 connection adder] WARN  c.m.s.jdbc.internals.TDS.Channel - TLSv1 was negotiated. Please update server and client to use TLSv1.2 at minimum.
2025-11-07 00:45:19 [HikariPool-1 connection adder] WARN  c.m.s.jdbc.internals.TDS.Channel - TLSv1 was negotiated. Please update server and client to use TLSv1.2 at minimum.
2025-11-07 00:45:21 [HikariPool-1 connection adder] WARN  c.m.s.jdbc.internals.TDS.Channel - TLSv1 was negotiated. Please update server and client to use TLSv1.2 at minimum.
2025-11-07 00:45:22 [HikariPool-1 connection adder] WARN  c.m.s.jdbc.internals.TDS.Channel - TLSv1 was negotiated. Please update server and client to use TLSv1.2 at minimum.
2025-11-07 00:45:23 [HikariPool-1 connection adder] WARN  c.m.s.jdbc.internals.TDS.Channel - TLSv1 was negotiated. Please update server and client to use TLSv1.2 at minimum.
2025-11-07 00:45:37 [HikariPool-1 connection adder] WARN  c.m.s.jdbc.internals.TDS.Channel - TLSv1 was negotiated. Please update server and client to use TLSv1.2 at minimum.
2025-11-07 00:45:43 [HikariPool-1 connection adder] WARN  c.m.s.jdbc.internals.TDS.Channel - TLSv1 was negotiated. Please update server and client to use TLSv1.2 at minimum.
2025-11-07 01:14:16 [HikariPool-1 connection adder] WARN  c.m.s.jdbc.internals.TDS.Channel - TLSv1 was negotiated. Please update server and client to use TLSv1.2 at minimum.
2025-11-07 01:14:33 [HikariPool-1 connection adder] WARN  c.m.s.jdbc.internals.TDS.Channel - TLSv1 was negotiated. Please update server and client to use TLSv1.2 at minimum.
2025-11-07 01:14:48 [HikariPool-1 connection adder] WARN  c.m.s.jdbc.internals.TDS.Channel - TLSv1 was negotiated. Please update server and client to use TLSv1.2 at minimum.
2025-11-07 01:14:51 [HikariPool-1 connection adder] WARN  c.m.s.jdbc.internals.TDS.Channel - TLSv1 was negotiated. Please update server and client to use TLSv1.2 at minimum.
2025-11-07 01:14:54 [HikariPool-1 connection adder] WARN  c.m.s.jdbc.internals.TDS.Channel - TLSv1 was negotiated. Please update server and client to use TLSv1.2 at minimum.
2025-11-07 01:14:57 [HikariPool-1 connection adder] WARN  c.m.s.jdbc.internals.TDS.Channel - TLSv1 was negotiated. Please update server and client to use TLSv1.2 at minimum.
2025-11-07 01:15:09 [HikariPool-1 connection adder] WARN  c.m.s.jdbc.internals.TDS.Channel - TLSv1 was negotiated. Please update server and client to use TLSv1.2 at minimum.
2025-11-07 01:15:09 [HikariPool-1 connection adder] WARN  c.m.s.jdbc.internals.TDS.Channel - TLSv1 was negotiated. Please update server and client to use TLSv1.2 at minimum.
2025-11-07 01:15:16 [HikariPool-1 connection adder] WARN  c.m.s.jdbc.internals.TDS.Channel - TLSv1 was negotiated. Please update server and client to use TLSv1.2 at minimum.
2025-11-07 01:15:30 [HikariPool-1 connection adder] WARN  c.m.s.jdbc.internals.TDS.Channel - TLSv1 was negotiated. Please update server and client to use TLSv1.2 at minimum.
2025-11-07 01:43:51 [HikariPool-1 connection adder] WARN  c.m.s.jdbc.internals.TDS.Channel - TLSv1 was negotiated. Please update server and client to use TLSv1.2 at minimum.
2025-11-07 01:44:07 [HikariPool-1 connection adder] WARN  c.m.s.jdbc.internals.TDS.Channel - TLSv1 was negotiated. Please update server and client to use TLSv1.2 at minimum.
2025-11-07 01:44:14 [HikariPool-1 connection adder] WARN  c.m.s.jdbc.internals.TDS.Channel - TLSv1 was negotiated. Please update server and client to use TLSv1.2 at minimum.
2025-11-07 01:44:29 [HikariPool-1 connection adder] WARN  c.m.s.jdbc.internals.TDS.Channel - TLSv1 was negotiated. Please update server and client to use TLSv1.2 at minimum.
2025-11-07 01:44:36 [HikariPool-1 connection adder] WARN  c.m.s.jdbc.internals.TDS.Channel - TLSv1 was negotiated. Please update server and client to use TLSv1.2 at minimum.
2025-11-07 01:44:38 [HikariPool-1 connection adder] WARN  c.m.s.jdbc.internals.TDS.Channel - TLSv1 was negotiated. Please update server and client to use TLSv1.2 at minimum.
2025-11-07 01:44:39 [HikariPool-1 connection adder] WARN  c.m.s.jdbc.internals.TDS.Channel - TLSv1 was negotiated. Please update server and client to use TLSv1.2 at minimum.
2025-11-07 01:44:46 [HikariPool-1 connection adder] WARN  c.m.s.jdbc.internals.TDS.Channel - TLSv1 was negotiated. Please update server and client to use TLSv1.2 at minimum.
2025-11-07 01:44:52 [HikariPool-1 connection adder] WARN  c.m.s.jdbc.internals.TDS.Channel - TLSv1 was negotiated. Please update server and client to use TLSv1.2 at minimum.
2025-11-07 01:45:06 [HikariPool-1 connection adder] WARN  c.m.s.jdbc.internals.TDS.Channel - TLSv1 was negotiated. Please update server and client to use TLSv1.2 at minimum.
2025-11-07 02:13:30 [HikariPool-1 connection adder] WARN  c.m.s.jdbc.internals.TDS.Channel - TLSv1 was negotiated. Please update server and client to use TLSv1.2 at minimum.
2025-11-07 02:13:30 [HikariPool-1 connection adder] WARN  c.m.s.jdbc.internals.TDS.Channel - TLSv1 was negotiated. Please update server and client to use TLSv1.2 at minimum.
2025-11-07 02:13:38 [HikariPool-1 connection adder] WARN  c.m.s.jdbc.internals.TDS.Channel - TLSv1 was negotiated. Please update server and client to use TLSv1.2 at minimum.
2025-11-07 02:13:57 [HikariPool-1 connection adder] WARN  c.m.s.jdbc.internals.TDS.Channel - TLSv1 was negotiated. Please update server and client to use TLSv1.2 at minimum.
2025-11-07 02:14:08 [HikariPool-1 connection adder] WARN  c.m.s.jdbc.internals.TDS.Channel - TLSv1 was negotiated. Please update server and client to use TLSv1.2 at minimum.
2025-11-07 02:14:15 [HikariPool-1 connection adder] WARN  c.m.s.jdbc.internals.TDS.Channel - TLSv1 was negotiated. Please update server and client to use TLSv1.2 at minimum.
2025-11-07 02:14:26 [HikariPool-1 connection adder] WARN  c.m.s.jdbc.internals.TDS.Channel - TLSv1 was negotiated. Please update server and client to use TLSv1.2 at minimum.
2025-11-07 02:14:35 [HikariPool-1 connection adder] WARN  c.m.s.jdbc.internals.TDS.Channel - TLSv1 was negotiated. Please update server and client to use TLSv1.2 at minimum.
2025-11-07 02:14:36 [HikariPool-1 connection adder] WARN  c.m.s.jdbc.internals.TDS.Channel - TLSv1 was negotiated. Please update server and client to use TLSv1.2 at minimum.
2025-11-07 02:14:36 [HikariPool-1 connection adder] WARN  c.m.s.jdbc.internals.TDS.Channel - TLSv1 was negotiated. Please update server and client to use TLSv1.2 at minimum.
2025-11-07 02:42:54 [HikariPool-1 connection adder] WARN  c.m.s.jdbc.internals.TDS.Channel - TLSv1 was negotiated. Please update server and client to use TLSv1.2 at minimum.
2025-11-07 02:43:04 [HikariPool-1 connection adder] WARN  c.m.s.jdbc.internals.TDS.Channel - TLSv1 was negotiated. Please update server and client to use TLSv1.2 at minimum.
2025-11-07 02:43:27 [HikariPool-1 connection adder] WARN  c.m.s.jdbc.internals.TDS.Channel - TLSv1 was negotiated. Please update server and client to use TLSv1.2 at minimum.
2025-11-07 02:43:34 [HikariPool-1 connection adder] WARN  c.m.s.jdbc.internals.TDS.Channel - TLSv1 was negotiated. Please update server and client to use TLSv1.2 at minimum.
2025-11-07 02:43:43 [HikariPool-1 connection adder] WARN  c.m.s.jdbc.internals.TDS.Channel - TLSv1 was negotiated. Please update server and client to use TLSv1.2 at minimum.
2025-11-07 02:43:45 [HikariPool-1 connection adder] WARN  c.m.s.jdbc.internals.TDS.Channel - TLSv1 was negotiated. Please update server and client to use TLSv1.2 at minimum.
2025-11-07 02:43:58 [HikariPool-1 connection adder] WARN  c.m.s.jdbc.internals.TDS.Channel - TLSv1 was negotiated. Please update server and client to use TLSv1.2 at minimum.
2025-11-07 02:44:04 [HikariPool-1 connection adder] WARN  c.m.s.jdbc.internals.TDS.Channel - TLSv1 was negotiated. Please update server and client to use TLSv1.2 at minimum.
2025-11-07 02:44:14 [HikariPool-1 connection adder] WARN  c.m.s.jdbc.internals.TDS.Channel - TLSv1 was negotiated. Please update server and client to use TLSv1.2 at minimum.
2025-11-07 02:44:25 [HikariPool-1 connection adder] WARN  c.m.s.jdbc.internals.TDS.Channel - TLSv1 was negotiated. Please update server and client to use TLSv1.2 at minimum.
